{"uuid":"d1b33a2f-bd8e-4cea-abce-eee35c9f197e","historyId":"6b800e4d488175e96dbdf5b8c069de57","fullName":"org.fastrackit.wishlist.AddLicensedSteelGlovesFromWishlistToCartTest.add_awesome_granite_chips_from_wishlist_to_cart_as_logged_in_user_verified_on_badge","labels":[{"name":"package","value":"org.fastrackit.wishlist.AddLicensedSteelGlovesFromWishlistToCartTest"},{"name":"testClass","value":"org.fastrackit.wishlist.AddLicensedSteelGlovesFromWishlistToCartTest"},{"name":"testMethod","value":"add_awesome_granite_chips_from_wishlist_to_cart_as_logged_in_user_verified_on_badge"},{"name":"parentSuite","value":"Default Suite"},{"name":"suite","value":"DemoShopTAU-FinalProject"},{"name":"subSuite","value":"org.fastrackit.wishlist.AddLicensedSteelGlovesFromWishlistToCartTest"},{"name":"host","value":"DESKTOP-HF2AEDT"},{"name":"thread","value":"4624@DESKTOP-HF2AEDT.main(1)"},{"name":"framework","value":"testng"},{"name":"language","value":"java"}],"links":[],"name":"add_awesome_granite_chips_from_wishlist_to_cart_as_logged_in_user_verified_on_badge","status":"failed","statusDetails":{"known":false,"muted":false,"flaky":false,"message":"Element not found {[href='#/product/1']/By.xpath: ../By.xpath: ../div:nth-of-type(6) [data-icon='heart']}\r\nExpected: exist\r\nScreenshot: file:/E:/CURS%20QA/MyProjects/DemoShopTAU-FinalProject/build/reports/tests/1682771879816.1.png\r\nPage source: file:/E:/CURS%20QA/MyProjects/DemoShopTAU-FinalProject/build/reports/tests/1682771879816.1.html\r\nTimeout: 4 s.\r\nCaused by: NoSuchElementException: no such element: Unable to locate element: {\"method\":\"css selector\",\"selector\":\"div:nth-of-type(6) [data-icon='heart']\"}","trace":"Element not found {[href='#/product/1']/By.xpath: ../By.xpath: ../div:nth-of-type(6) [data-icon='heart']}\r\nExpected: exist\r\nScreenshot: file:/E:/CURS%20QA/MyProjects/DemoShopTAU-FinalProject/build/reports/tests/1682771879816.1.png\r\nPage source: file:/E:/CURS%20QA/MyProjects/DemoShopTAU-FinalProject/build/reports/tests/1682771879816.1.html\r\nTimeout: 4 s.\r\nCaused by: NoSuchElementException: no such element: Unable to locate element: {\"method\":\"css selector\",\"selector\":\"div:nth-of-type(6) [data-icon='heart']\"}\r\n\tat com.codeborne.selenide.impl.WebElementSource.createElementNotFoundError(WebElementSource.java:88)\r\n\tat com.codeborne.selenide.impl.ElementFinder.createElementNotFoundError(ElementFinder.java:142)\r\n\tat com.codeborne.selenide.impl.ExceptionWrapper.wrap(ExceptionWrapper.java:32)\r\n\tat com.codeborne.selenide.impl.SelenideElementProxy.dispatchAndRetry(SelenideElementProxy.java:154)\r\n\tat com.codeborne.selenide.impl.SelenideElementProxy.invoke(SelenideElementProxy.java:84)\r\n\tat jdk.proxy2/jdk.proxy2.$Proxy15.scrollTo(Unknown Source)\r\n\tat org.fastrackit.Product.addToWishlist(Product.java:48)\r\n\tat org.fastrackit.wishlist.AddLicensedSteelGlovesFromWishlistToCartTest.add_awesome_granite_chips_from_wishlist_to_cart_as_logged_in_user_verified_on_badge(AddLicensedSteelGlovesFromWishlistToCartTest.java:46)\r\n\tat java.base/jdk.internal.reflect.DirectMethodHandleAccessor.invoke(DirectMethodHandleAccessor.java:104)\r\n\tat java.base/java.lang.reflect.Method.invoke(Method.java:578)\r\n\tat org.testng.internal.invokers.MethodInvocationHelper.invokeMethod(MethodInvocationHelper.java:139)\r\n\tat org.testng.internal.invokers.TestInvoker.invokeMethod(TestInvoker.java:677)\r\n\tat org.testng.internal.invokers.TestInvoker.invokeTestMethod(TestInvoker.java:221)\r\n\tat org.testng.internal.invokers.MethodRunner.runInSequence(MethodRunner.java:50)\r\n\tat org.testng.internal.invokers.TestInvoker$MethodInvocationAgent.invoke(TestInvoker.java:969)\r\n\tat org.testng.internal.invokers.TestInvoker.invokeTestMethods(TestInvoker.java:194)\r\n\tat org.testng.internal.invokers.TestMethodWorker.invokeTestMethods(TestMethodWorker.java:148)\r\n\tat org.testng.internal.invokers.TestMethodWorker.run(TestMethodWorker.java:128)\r\n\tat java.base/java.util.ArrayList.forEach(ArrayList.java:1511)\r\n\tat org.testng.TestRunner.privateRun(TestRunner.java:829)\r\n\tat org.testng.TestRunner.run(TestRunner.java:602)\r\n\tat org.testng.SuiteRunner.runTest(SuiteRunner.java:437)\r\n\tat org.testng.SuiteRunner.runSequentially(SuiteRunner.java:431)\r\n\tat org.testng.SuiteRunner.privateRun(SuiteRunner.java:391)\r\n\tat org.testng.SuiteRunner.run(SuiteRunner.java:330)\r\n\tat org.testng.SuiteRunnerWorker.runSuite(SuiteRunnerWorker.java:52)\r\n\tat org.testng.SuiteRunnerWorker.run(SuiteRunnerWorker.java:95)\r\n\tat org.testng.TestNG.runSuitesSequentially(TestNG.java:1256)\r\n\tat org.testng.TestNG.runSuitesLocally(TestNG.java:1176)\r\n\tat org.testng.TestNG.runSuites(TestNG.java:1099)\r\n\tat org.testng.TestNG.run(TestNG.java:1067)\r\n\tat com.intellij.rt.testng.IDEARemoteTestNG.run(IDEARemoteTestNG.java:66)\r\n\tat com.intellij.rt.testng.RemoteTestNGStarter.main(RemoteTestNGStarter.java:105)\r\nCaused by: org.openqa.selenium.NoSuchElementException: no such element: Unable to locate element: {\"method\":\"css selector\",\"selector\":\"div:nth-of-type(6) [data-icon='heart']\"}\n  (Session info: chrome=112.0.5615.138)\nFor documentation on this error, please visit: https://selenium.dev/exceptions/#no_such_element\nBuild info: version: '4.8.3', revision: 'e5e76298c3'\nSystem info: os.name: 'Windows 10', os.arch: 'amd64', os.version: '10.0', java.version: '19.0.1'\nDriver info: org.openqa.selenium.chrome.ChromeDriver\nCommand: [703668d1d3774587fcfaa982097c22ec, findChildElement {id=7255266d-01c1-4b53-9dc0-9d923261747f, using=css selector, value=div:nth-of-type(6) [data-icon='heart']}]\nCapabilities {acceptInsecureCerts: true, browserName: chrome, browserVersion: 112.0.5615.138, chrome: {chromedriverVersion: 112.0.5615.49 (bd2a7bcb881c..., userDataDir: C:\\Users\\Norbert\\AppData\\Lo...}, goog:chromeOptions: {debuggerAddress: localhost:56097}, networkConnectionEnabled: false, pageLoadStrategy: normal, platformName: WINDOWS, proxy: Proxy(), se:cdp: ws://localhost:56097/devtoo..., se:cdpVersion: 112.0.5615.138, setWindowRect: true, strictFileInteractability: false, timeouts: {implicit: 0, pageLoad: 300000, script: 30000}, unhandledPromptBehavior: accept, webauthn:extension:credBlob: true, webauthn:extension:largeBlob: true, webauthn:extension:minPinLength: true, webauthn:extension:prf: true, webauthn:virtualAuthenticators: true}\nSession ID: 703668d1d3774587fcfaa982097c22ec\r\n\tat java.base/jdk.internal.reflect.DirectConstructorHandleAccessor.newInstance(DirectConstructorHandleAccessor.java:67)\r\n\tat java.base/java.lang.reflect.Constructor.newInstanceWithCaller(Constructor.java:500)\r\n\tat java.base/java.lang.reflect.Constructor.newInstance(Constructor.java:484)\r\n\tat org.openqa.selenium.remote.codec.w3c.W3CHttpResponseCodec.createException(W3CHttpResponseCodec.java:200)\r\n\tat org.openqa.selenium.remote.codec.w3c.W3CHttpResponseCodec.decode(W3CHttpResponseCodec.java:133)\r\n\tat org.openqa.selenium.remote.codec.w3c.W3CHttpResponseCodec.decode(W3CHttpResponseCodec.java:53)\r\n\tat org.openqa.selenium.remote.HttpCommandExecutor.execute(HttpCommandExecutor.java:193)\r\n\tat org.openqa.selenium.remote.service.DriverCommandExecutor.invokeExecute(DriverCommandExecutor.java:183)\r\n\tat org.openqa.selenium.remote.service.DriverCommandExecutor.execute(DriverCommandExecutor.java:158)\r\n\tat org.openqa.selenium.remote.RemoteWebDriver.execute(RemoteWebDriver.java:543)\r\n\tat org.openqa.selenium.remote.ElementLocation$ElementFinder$2.findElement(ElementLocation.java:162)\r\n\tat org.openqa.selenium.remote.ElementLocation.findElement(ElementLocation.java:60)\r\n\tat org.openqa.selenium.remote.RemoteWebDriver.findElement(RemoteWebDriver.java:352)\r\n\tat org.openqa.selenium.remote.RemoteWebElement.findElement(RemoteWebElement.java:227)\r\n\tat com.codeborne.selenide.impl.WebElementSelector.findElement(WebElementSelector.java:70)\r\n\tat com.codeborne.selenide.impl.WebElementSelector.findElement(WebElementSelector.java:44)\r\n\tat com.codeborne.selenide.impl.WebElementSelector.findElement(WebElementSelector.java:33)\r\n\tat com.codeborne.selenide.impl.ElementFinder.getWebElement(ElementFinder.java:122)\r\n\tat com.codeborne.selenide.commands.ScrollTo.execute(ScrollTo.java:17)\r\n\tat com.codeborne.selenide.commands.ScrollTo.execute(ScrollTo.java:12)\r\n\tat com.codeborne.selenide.commands.Commands.execute(Commands.java:160)\r\n\tat com.codeborne.selenide.impl.SelenideElementProxy.dispatchAndRetry(SelenideElementProxy.java:132)\r\n\t... 29 more\r\n"},"stage":"finished","description":"Adding Awesome Granite Chips from wishlist to cart verified at cart badge","steps":[{"name":"$(\"open\") https://fasttrackit-test.netlify.app/#/","status":"passed","stage":"finished","steps":[],"attachments":[],"parameters":[],"start":1682771874631,"stop":1682771874707},{"name":"$(\"[data-icon=sign-in-alt]\") click()","status":"passed","stage":"finished","steps":[],"attachments":[],"parameters":[],"start":1682771874882,"stop":1682771875028},{"name":"$(\"#user-name\") send keys(dino)","status":"passed","stage":"finished","steps":[],"attachments":[],"parameters":[],"start":1682771875028,"stop":1682771875226},{"name":"$(\"#password\") send keys(choochoo)","status":"passed","stage":"finished","steps":[],"attachments":[],"parameters":[],"start":1682771875226,"stop":1682771875396},{"name":"$(\"[type=submit]\") click()","status":"passed","stage":"finished","steps":[],"attachments":[],"parameters":[],"start":1682771875396,"stop":1682771875545},{"name":"$(\"[href='#/product/1']/By.xpath: ../By.xpath: ../div:nth-of-type(6) [data-icon='heart']\") scroll to()","status":"failed","statusDetails":{"known":false,"muted":false,"flaky":false,"message":"Element not found {[href='#/product/1']/By.xpath: ../By.xpath: ../div:nth-of-type(6) [data-icon='heart']}\r\nExpected: exist\r\nScreenshot: file:/E:/CURS%20QA/MyProjects/DemoShopTAU-FinalProject/build/reports/tests/1682771879816.1.png\r\nPage source: file:/E:/CURS%20QA/MyProjects/DemoShopTAU-FinalProject/build/reports/tests/1682771879816.1.html\r\nTimeout: 4 s.\r\nCaused by: NoSuchElementException: no such element: Unable to locate element: {\"method\":\"css selector\",\"selector\":\"div:nth-of-type(6) [data-icon='heart']\"}","trace":"Element not found {[href='#/product/1']/By.xpath: ../By.xpath: ../div:nth-of-type(6) [data-icon='heart']}\r\nExpected: exist\r\nScreenshot: file:/E:/CURS%20QA/MyProjects/DemoShopTAU-FinalProject/build/reports/tests/1682771879816.1.png\r\nPage source: file:/E:/CURS%20QA/MyProjects/DemoShopTAU-FinalProject/build/reports/tests/1682771879816.1.html\r\nTimeout: 4 s.\r\nCaused by: NoSuchElementException: no such element: Unable to locate element: {\"method\":\"css selector\",\"selector\":\"div:nth-of-type(6) [data-icon='heart']\"}\r\n\tat com.codeborne.selenide.impl.WebElementSource.createElementNotFoundError(WebElementSource.java:88)\r\n\tat com.codeborne.selenide.impl.ElementFinder.createElementNotFoundError(ElementFinder.java:142)\r\n\tat com.codeborne.selenide.impl.ExceptionWrapper.wrap(ExceptionWrapper.java:32)\r\n\tat com.codeborne.selenide.impl.SelenideElementProxy.dispatchAndRetry(SelenideElementProxy.java:154)\r\n\tat com.codeborne.selenide.impl.SelenideElementProxy.invoke(SelenideElementProxy.java:84)\r\n\tat jdk.proxy2/jdk.proxy2.$Proxy15.scrollTo(Unknown Source)\r\n\tat org.fastrackit.Product.addToWishlist(Product.java:48)\r\n\tat org.fastrackit.wishlist.AddLicensedSteelGlovesFromWishlistToCartTest.add_awesome_granite_chips_from_wishlist_to_cart_as_logged_in_user_verified_on_badge(AddLicensedSteelGlovesFromWishlistToCartTest.java:46)\r\n\tat java.base/jdk.internal.reflect.DirectMethodHandleAccessor.invoke(DirectMethodHandleAccessor.java:104)\r\n\tat java.base/java.lang.reflect.Method.invoke(Method.java:578)\r\n\tat org.testng.internal.invokers.MethodInvocationHelper.invokeMethod(MethodInvocationHelper.java:139)\r\n\tat org.testng.internal.invokers.TestInvoker.invokeMethod(TestInvoker.java:677)\r\n\tat org.testng.internal.invokers.TestInvoker.invokeTestMethod(TestInvoker.java:221)\r\n\tat org.testng.internal.invokers.MethodRunner.runInSequence(MethodRunner.java:50)\r\n\tat org.testng.internal.invokers.TestInvoker$MethodInvocationAgent.invoke(TestInvoker.java:969)\r\n\tat org.testng.internal.invokers.TestInvoker.invokeTestMethods(TestInvoker.java:194)\r\n\tat org.testng.internal.invokers.TestMethodWorker.invokeTestMethods(TestMethodWorker.java:148)\r\n\tat org.testng.internal.invokers.TestMethodWorker.run(TestMethodWorker.java:128)\r\n\tat java.base/java.util.ArrayList.forEach(ArrayList.java:1511)\r\n\tat org.testng.TestRunner.privateRun(TestRunner.java:829)\r\n\tat org.testng.TestRunner.run(TestRunner.java:602)\r\n\tat org.testng.SuiteRunner.runTest(SuiteRunner.java:437)\r\n\tat org.testng.SuiteRunner.runSequentially(SuiteRunner.java:431)\r\n\tat org.testng.SuiteRunner.privateRun(SuiteRunner.java:391)\r\n\tat org.testng.SuiteRunner.run(SuiteRunner.java:330)\r\n\tat org.testng.SuiteRunnerWorker.runSuite(SuiteRunnerWorker.java:52)\r\n\tat org.testng.SuiteRunnerWorker.run(SuiteRunnerWorker.java:95)\r\n\tat org.testng.TestNG.runSuitesSequentially(TestNG.java:1256)\r\n\tat org.testng.TestNG.runSuitesLocally(TestNG.java:1176)\r\n\tat org.testng.TestNG.runSuites(TestNG.java:1099)\r\n\tat org.testng.TestNG.run(TestNG.java:1067)\r\n\tat com.intellij.rt.testng.IDEARemoteTestNG.run(IDEARemoteTestNG.java:66)\r\n\tat com.intellij.rt.testng.RemoteTestNGStarter.main(RemoteTestNGStarter.java:105)\r\nCaused by: org.openqa.selenium.NoSuchElementException: no such element: Unable to locate element: {\"method\":\"css selector\",\"selector\":\"div:nth-of-type(6) [data-icon='heart']\"}\n  (Session info: chrome=112.0.5615.138)\nFor documentation on this error, please visit: https://selenium.dev/exceptions/#no_such_element\nBuild info: version: '4.8.3', revision: 'e5e76298c3'\nSystem info: os.name: 'Windows 10', os.arch: 'amd64', os.version: '10.0', java.version: '19.0.1'\nDriver info: org.openqa.selenium.chrome.ChromeDriver\nCommand: [703668d1d3774587fcfaa982097c22ec, findChildElement {id=7255266d-01c1-4b53-9dc0-9d923261747f, using=css selector, value=div:nth-of-type(6) [data-icon='heart']}]\nCapabilities {acceptInsecureCerts: true, browserName: chrome, browserVersion: 112.0.5615.138, chrome: {chromedriverVersion: 112.0.5615.49 (bd2a7bcb881c..., userDataDir: C:\\Users\\Norbert\\AppData\\Lo...}, goog:chromeOptions: {debuggerAddress: localhost:56097}, networkConnectionEnabled: false, pageLoadStrategy: normal, platformName: WINDOWS, proxy: Proxy(), se:cdp: ws://localhost:56097/devtoo..., se:cdpVersion: 112.0.5615.138, setWindowRect: true, strictFileInteractability: false, timeouts: {implicit: 0, pageLoad: 300000, script: 30000}, unhandledPromptBehavior: accept, webauthn:extension:credBlob: true, webauthn:extension:largeBlob: true, webauthn:extension:minPinLength: true, webauthn:extension:prf: true, webauthn:virtualAuthenticators: true}\nSession ID: 703668d1d3774587fcfaa982097c22ec\r\n\tat java.base/jdk.internal.reflect.DirectConstructorHandleAccessor.newInstance(DirectConstructorHandleAccessor.java:67)\r\n\tat java.base/java.lang.reflect.Constructor.newInstanceWithCaller(Constructor.java:500)\r\n\tat java.base/java.lang.reflect.Constructor.newInstance(Constructor.java:484)\r\n\tat org.openqa.selenium.remote.codec.w3c.W3CHttpResponseCodec.createException(W3CHttpResponseCodec.java:200)\r\n\tat org.openqa.selenium.remote.codec.w3c.W3CHttpResponseCodec.decode(W3CHttpResponseCodec.java:133)\r\n\tat org.openqa.selenium.remote.codec.w3c.W3CHttpResponseCodec.decode(W3CHttpResponseCodec.java:53)\r\n\tat org.openqa.selenium.remote.HttpCommandExecutor.execute(HttpCommandExecutor.java:193)\r\n\tat org.openqa.selenium.remote.service.DriverCommandExecutor.invokeExecute(DriverCommandExecutor.java:183)\r\n\tat org.openqa.selenium.remote.service.DriverCommandExecutor.execute(DriverCommandExecutor.java:158)\r\n\tat org.openqa.selenium.remote.RemoteWebDriver.execute(RemoteWebDriver.java:543)\r\n\tat org.openqa.selenium.remote.ElementLocation$ElementFinder$2.findElement(ElementLocation.java:162)\r\n\tat org.openqa.selenium.remote.ElementLocation.findElement(ElementLocation.java:60)\r\n\tat org.openqa.selenium.remote.RemoteWebDriver.findElement(RemoteWebDriver.java:352)\r\n\tat org.openqa.selenium.remote.RemoteWebElement.findElement(RemoteWebElement.java:227)\r\n\tat com.codeborne.selenide.impl.WebElementSelector.findElement(WebElementSelector.java:70)\r\n\tat com.codeborne.selenide.impl.WebElementSelector.findElement(WebElementSelector.java:44)\r\n\tat com.codeborne.selenide.impl.WebElementSelector.findElement(WebElementSelector.java:33)\r\n\tat com.codeborne.selenide.impl.ElementFinder.getWebElement(ElementFinder.java:122)\r\n\tat com.codeborne.selenide.commands.ScrollTo.execute(ScrollTo.java:17)\r\n\tat com.codeborne.selenide.commands.ScrollTo.execute(ScrollTo.java:12)\r\n\tat com.codeborne.selenide.commands.Commands.execute(Commands.java:160)\r\n\tat com.codeborne.selenide.impl.SelenideElementProxy.dispatchAndRetry(SelenideElementProxy.java:132)\r\n\t... 29 more\r\n"},"stage":"finished","steps":[],"attachments":[{"name":"Screenshot","source":"8bdf9db2-b8d2-41ce-b409-c3961dde6a6d-attachment.png","type":"image/png"},{"name":"Page source","source":"c5851a69-cfed-4620-a58b-13b4265c2e15-attachment.html","type":"text/html"}],"parameters":[],"start":1682771875718,"stop":1682771880174}],"attachments":[],"parameters":[{"name":"arg0","value":"Test run with: dino"}],"start":1682771874631,"stop":1682771880176}